<?xml version="1.0" encoding="UTF-8"?>
<!-- Generated by org.testng.reporters.JUnitXMLReporter -->
<testsuite hostname="LAPTOP-84BVRIE1" ignored="0" name="day3AutomationTest" tests="5" failures="0" timestamp="2020-04-24T16:27:04 IST" time="92.539" errors="0">
  <testcase name="newToursValidation" time="9.275" classname="com.business.tests.RunnerTest"/>
  <testcase name="webTableTextExtractAndDateValidation" time="4.139" classname="com.business.tests.RunnerTest"/>
  <testcase name="alertvalidation" time="7.786" classname="com.business.tests.RunnerTest"/>
  <testcase name="googlePageOperations" time="3.444" classname="com.business.tests.RunnerTest"/>
  <testcase name="validateGoogleTermsService" time="6.125" classname="com.business.tests.RunnerTest"/>
</testsuite> <!-- day3AutomationTest -->
