<?xml version="1.0" encoding="UTF-8"?>
<!-- Generated by org.testng.reporters.JUnitXMLReporter -->
<testsuite hostname="LAPTOP-84BVRIE1" name="demoAutomationTest" tests="5" failures="0" timestamp="21 Apr 2020 12:02:53 GMT" time="106.366" errors="0">
  <testcase name="performDragOperation" time="9.541" classname="com.business.tests.InteractionTest"/>
  <testcase name="performDragAndDropSpecificLocation" time="8.716" classname="com.business.tests.InteractionTest"/>
  <testcase name="performSortOperation" time="11.75" classname="com.business.tests.InteractionTest"/>
  <testcase name="resizeWidgetOperation" time="7.313" classname="com.business.tests.InteractionTest"/>
  <testcase name="handleDateOperation" time="11.98" classname="com.business.tests.InteractionTest"/>
</testsuite> <!-- demoAutomationTest -->
